# JRE version: Java(TM) SE Runtime Environment (8.0_411) (build 1.8.0_411-b09)
# Java VM: Java HotSpot(TM) 64-Bit Server VM (25.411-b09 mixed mode windows-amd64 compressed oops)
Heap:
 PSYoungGen      total 1210880K, used 849867K [0x000000076c500000, 0x00000007bf080000, 0x00000007c0000000)
  eden space 1069568K, 79% used [0x000000076c500000,0x000000079fe50360,0x00000007ad980000)
  from space 141312K, 3% used [0x00000007b6680000,0x00000007b6b22c30,0x00000007bf080000)
  to   space 142848K, 0% used [0x00000007ad980000,0x00000007ad980000,0x00000007b6500000)
 ParOldGen       total 1387520K, used 985858K [0x00000006c4e00000, 0x0000000719900000, 0x000000076c500000)
  object space 1387520K, 71% used [0x00000006c4e00000,0x00000007010c0830,0x0000000719900000)
 Metaspace       used 136243K, capacity 144534K, committed 148248K, reserved 1179648K
  class space    used 15438K, capacity 16836K, committed 17712K, reserved 1048576K
GC Heap History (10 events):
Event: 1610.269 GC heap before
{Heap before GC invocations=26 (full 5):
 PSYoungGen      total 1085440K, used 1055744K [0x000000076c500000, 0x00000007c0000000, 0x00000007c0000000)
  eden space 1055744K, 100% used [0x000000076c500000,0x00000007acc00000,0x00000007acc00000)
  from space 29696K, 0% used [0x00000007bc880000,0x00000007bc880000,0x00000007be580000)
  to   space 157696K, 0% used [0x00000007acc00000,0x00000007acc00000,0x00000007b6600000)
 ParOldGen       total 601600K, used 297958K [0x00000006c4e00000, 0x00000006e9980000, 0x000000076c500000)
  object space 601600K, 49% used [0x00000006c4e00000,0x00000006d70f99f8,0x00000006e9980000)
 Metaspace       used 135905K, capacity 143930K, committed 147992K, reserved 1179648K
  class space    used 15422K, capacity 16812K, committed 17712K, reserved 1048576K
Event: 1610.273 GC heap after
Heap after GC invocations=26 (full 5):
 PSYoungGen      total 1213440K, used 832K [0x000000076c500000, 0x00000007c0000000, 0x00000007c0000000)
  eden space 1055744K, 0% used [0x000000076c500000,0x000000076c500000,0x00000007acc00000)
  from space 157696K, 0% used [0x00000007acc00000,0x00000007accd0000,0x00000007b6600000)
  to   space 156672K, 0% used [0x00000007b6700000,0x00000007b6700000,0x00000007c0000000)
 ParOldGen       total 601600K, used 297966K [0x00000006c4e00000, 0x00000006e9980000, 0x000000076c500000)
  object space 601600K, 49% used [0x00000006c4e00000,0x00000006d70fb9f8,0x00000006e9980000)
 Metaspace       used 135905K, capacity 143930K, committed 147992K, reserved 1179648K
  class space    used 15422K, capacity 16812K, committed 17712K, reserved 1048576K
}
Event: 1611.023 GC heap before
{Heap before GC invocations=27 (full 5):
 PSYoungGen      total 1213440K, used 641802K [0x000000076c500000, 0x00000007c0000000, 0x00000007c0000000)
  eden space 1055744K, 60% used [0x000000076c500000,0x00000007936f2988,0x00000007acc00000)
  from space 157696K, 0% used [0x00000007acc00000,0x00000007accd0000,0x00000007b6600000)
  to   space 156672K, 0% used [0x00000007b6700000,0x00000007b6700000,0x00000007c0000000)
 ParOldGen       total 601600K, used 297966K [0x00000006c4e00000, 0x00000006e9980000, 0x000000076c500000)
  object space 601600K, 49% used [0x00000006c4e00000,0x00000006d70fb9f8,0x00000006e9980000)
 Metaspace       used 135905K, capacity 143930K, committed 147992K, reserved 1179648K
  class space    used 15422K, capacity 16812K, committed 17712K, reserved 1048576K
Event: 1611.099 GC heap after
Heap after GC invocations=27 (full 5):
 PSYoungGen      total 1207296K, used 832K [0x000000076c500000, 0x00000007bfa00000, 0x00000007c0000000)
  eden space 1056768K, 0% used [0x000000076c500000,0x000000076c500000,0x00000007acd00000)
  from space 150528K, 0% used [0x00000007b6700000,0x00000007b67d0000,0x00000007bfa00000)
  to   space 154112K, 0% used [0x00000007acd00000,0x00000007acd00000,0x00000007b6380000)
 ParOldGen       total 601600K, used 560118K [0x00000006c4e00000, 0x00000006e9980000, 0x000000076c500000)
  object space 601600K, 93% used [0x00000006c4e00000,0x00000006e70fda08,0x00000006e9980000)
 Metaspace       used 135905K, capacity 143930K, committed 147992K, reserved 1179648K
  class space    used 15422K, capacity 16812K, committed 17712K, reserved 1048576K
}
Event: 1611.099 GC heap before
{Heap before GC invocations=28 (full 6):
 PSYoungGen      total 1207296K, used 832K [0x000000076c500000, 0x00000007bfa00000, 0x00000007c0000000)
  eden space 1056768K, 0% used [0x000000076c500000,0x000000076c500000,0x00000007acd00000)
  from space 150528K, 0% used [0x00000007b6700000,0x00000007b67d0000,0x00000007bfa00000)
  to   space 154112K, 0% used [0x00000007acd00000,0x00000007acd00000,0x00000007b6380000)
 ParOldGen       total 601600K, used 560118K [0x00000006c4e00000, 0x00000006e9980000, 0x000000076c500000)
  object space 601600K, 93% used [0x00000006c4e00000,0x00000006e70fda08,0x00000006e9980000)
 Metaspace       used 135905K, capacity 143930K, committed 147992K, reserved 1179648K
  class space    used 15422K, capacity 16812K, committed 17712K, reserved 1048576K
Event: 1611.191 GC heap after
Heap after GC invocations=28 (full 6):
 PSYoungGen      total 1207296K, used 0K [0x000000076c500000, 0x00000007bfa00000, 0x00000007c0000000)
  eden space 1056768K, 0% used [0x000000076c500000,0x000000076c500000,0x00000007acd00000)
  from space 150528K, 0% used [0x00000007b6700000,0x00000007b6700000,0x00000007bfa00000)
  to   space 154112K, 0% used [0x00000007acd00000,0x00000007acd00000,0x00000007b6380000)
 ParOldGen       total 862720K, used 456516K [0x00000006c4e00000, 0x00000006f9880000, 0x000000076c500000)
  object space 862720K, 52% used [0x00000006c4e00000,0x00000006e0bd1260,0x00000006f9880000)
 Metaspace       used 135905K, capacity 143930K, committed 147992K, reserved 1179648K
  class space    used 15422K, capacity 16812K, committed 17712K, reserved 1048576K
}
Event: 1620.244 GC heap before
{Heap before GC invocations=29 (full 6):
 PSYoungGen      total 1207296K, used 1056702K [0x000000076c500000, 0x00000007bfa00000, 0x00000007c0000000)
  eden space 1056768K, 99% used [0x000000076c500000,0x00000007accefa58,0x00000007acd00000)
  from space 150528K, 0% used [0x00000007b6700000,0x00000007b6700000,0x00000007bfa00000)
  to   space 154112K, 0% used [0x00000007acd00000,0x00000007acd00000,0x00000007b6380000)
 ParOldGen       total 862720K, used 456516K [0x00000006c4e00000, 0x00000006f9880000, 0x000000076c500000)
  object space 862720K, 52% used [0x00000006c4e00000,0x00000006e0bd1260,0x00000006f9880000)
 Metaspace       used 135990K, capacity 144146K, committed 148248K, reserved 1179648K
  class space    used 15423K, capacity 16812K, committed 17712K, reserved 1048576K
Event: 1620.449 GC heap after
Heap after GC invocations=29 (full 6):
 PSYoungGen      total 1210880K, used 19846K [0x000000076c500000, 0x00000007bf680000, 0x00000007c0000000)
  eden space 1056768K, 0% used [0x000000076c500000,0x000000076c500000,0x00000007acd00000)
  from space 154112K, 12% used [0x00000007acd00000,0x00000007ae061830,0x00000007b6380000)
  to   space 147456K, 0% used [0x00000007b6680000,0x00000007b6680000,0x00000007bf680000)
 ParOldGen       total 1387520K, used 980812K [0x00000006c4e00000, 0x0000000719900000, 0x000000076c500000)
  object space 1387520K, 70% used [0x00000006c4e00000,0x0000000700bd3270,0x0000000719900000)
 Metaspace       used 135990K, capacity 144146K, committed 148248K, reserved 1179648K
  class space    used 15423K, capacity 16812K, committed 17712K, reserved 1048576K
}
Event: 1622.697 GC heap before
{Heap before GC invocations=30 (full 6):
 PSYoungGen      total 1210880K, used 1076614K [0x000000076c500000, 0x00000007bf680000, 0x00000007c0000000)
  eden space 1056768K, 100% used [0x000000076c500000,0x00000007acd00000,0x00000007acd00000)
  from space 154112K, 12% used [0x00000007acd00000,0x00000007ae061830,0x00000007b6380000)
  to   space 147456K, 0% used [0x00000007b6680000,0x00000007b6680000,0x00000007bf680000)
 ParOldGen       total 1387520K, used 980812K [0x00000006c4e00000, 0x0000000719900000, 0x000000076c500000)
  object space 1387520K, 70% used [0x00000006c4e00000,0x0000000700bd3270,0x0000000719900000)
 Metaspace       used 136026K, capacity 144246K, committed 148248K, reserved 1179648K
  class space    used 15424K, capacity 16812K, committed 17712K, reserved 1048576K
Event: 1622.701 GC heap after
Heap after GC invocations=30 (full 6):
 PSYoungGen      total 1210880K, used 4747K [0x000000076c500000, 0x00000007bf080000, 0x00000007c0000000)
  eden space 1069568K, 0% used [0x000000076c500000,0x000000076c500000,0x00000007ad980000)
  from space 141312K, 3% used [0x00000007b6680000,0x00000007b6b22c30,0x00000007bf080000)
  to   space 142848K, 0% used [0x00000007ad980000,0x00000007ad980000,0x00000007b6500000)
 ParOldGen       total 1387520K, used 985858K [0x00000006c4e00000, 0x0000000719900000, 0x000000076c500000)
  object space 1387520K, 71% used [0x00000006c4e00000,0x00000007010c0830,0x0000000719900000)
 Metaspace       used 136026K, capacity 144246K, committed 148248K, reserved 1179648K
  class space    used 15424K, capacity 16812K, committed 17712K, reserved 1048576K
}

